<?xml version="1.0" encoding="UTF-8"?>
<!-- Generated by org.testng.reporters.JUnitReportReporter -->
<testsuite skipped="0" hostname="DESKTOP-2F1L027" name="SampleTest.Runner" tests="1" failures="0" timestamp="2022-04-23T14:42:55 IST" time="46.277" errors="0">
  <testcase name="Test1" time="46.277" classname="SampleTest.Runner"/>
  <system-out/>
</testsuite> <!-- SampleTest.Runner -->
